Determining if the pthread_create exist failed with the following output:
Change Dir: /home/ros/Desktop/catkin_ws/build/CMakeFiles/CMakeTmp

Run Build Command:"/usr/bin/make" "cmTC_ad4fa/fast"
/usr/bin/make -f CMakeFiles/cmTC_ad4fa.dir/build.make CMakeFiles/cmTC_ad4fa.dir/build
make[1]: Entering directory '/home/ros/Desktop/catkin_ws/build/CMakeFiles/CMakeTmp'
Building C object CMakeFiles/cmTC_ad4fa.dir/CheckSymbolExists.c.o
/usr/bin/cc     -o CMakeFiles/cmTC_ad4fa.dir/CheckSymbolExists.c.o   -c /home/ros/Desktop/catkin_ws/build/CMakeFiles/CMakeTmp/CheckSymbolExists.c
Linking C executable cmTC_ad4fa
/usr/bin/cmake -E cmake_link_script CMakeFiles/cmTC_ad4fa.dir/link.txt --verbose=1
/usr/bin/cc       CMakeFiles/cmTC_ad4fa.dir/CheckSymbolExists.c.o  -o cmTC_ad4fa -rdynamic 
CMakeFiles/cmTC_ad4fa.dir/CheckSymbolExists.c.o: In function `main':
CheckSymbolExists.c:(.text+0x16): undefined reference to `pthread_create'
collect2: error: ld returned 1 exit status
CMakeFiles/cmTC_ad4fa.dir/build.make:97: recipe for target 'cmTC_ad4fa' failed
make[1]: *** [cmTC_ad4fa] Error 1
make[1]: Leaving directory '/home/ros/Desktop/catkin_ws/build/CMakeFiles/CMakeTmp'
Makefile:126: recipe for target 'cmTC_ad4fa/fast' failed
make: *** [cmTC_ad4fa/fast] Error 2

File /home/ros/Desktop/catkin_ws/build/CMakeFiles/CMakeTmp/CheckSymbolExists.c:
/* */
#include <pthread.h>

int main(int argc, char** argv)
{
  (void)argv;
#ifndef pthread_create
  return ((int*)(&pthread_create))[argc];
#else
  (void)argc;
  return 0;
#endif
}

Determining if the function pthread_create exists in the pthreads failed with the following output:
Change Dir: /home/ros/Desktop/catkin_ws/build/CMakeFiles/CMakeTmp

Run Build Command:"/usr/bin/make" "cmTC_64c4c/fast"
/usr/bin/make -f CMakeFiles/cmTC_64c4c.dir/build.make CMakeFiles/cmTC_64c4c.dir/build
make[1]: Entering directory '/home/ros/Desktop/catkin_ws/build/CMakeFiles/CMakeTmp'
Building C object CMakeFiles/cmTC_64c4c.dir/CheckFunctionExists.c.o
/usr/bin/cc    -DCHECK_FUNCTION_EXISTS=pthread_create   -o CMakeFiles/cmTC_64c4c.dir/CheckFunctionExists.c.o   -c /usr/share/cmake-3.5/Modules/CheckFunctionExists.c
Linking C executable cmTC_64c4c
/usr/bin/cmake -E cmake_link_script CMakeFiles/cmTC_64c4c.dir/link.txt --verbose=1
/usr/bin/cc   -DCHECK_FUNCTION_EXISTS=pthread_create    CMakeFiles/cmTC_64c4c.dir/CheckFunctionExists.c.o  -o cmTC_64c4c -rdynamic -lpthreads 
/usr/bin/ld: cannot find -lpthreads
collect2: error: ld returned 1 exit status
CMakeFiles/cmTC_64c4c.dir/build.make:97: recipe for target 'cmTC_64c4c' failed
make[1]: *** [cmTC_64c4c] Error 1
make[1]: Leaving directory '/home/ros/Desktop/catkin_ws/build/CMakeFiles/CMakeTmp'
Makefile:126: recipe for target 'cmTC_64c4c/fast' failed
make: *** [cmTC_64c4c/fast] Error 2


